\BOOKMARK [0][-]{section*.1}{List of Figures}{}% 1
\BOOKMARK [0][-]{section*.2}{Listings}{}% 2
\BOOKMARK [0][-]{section*.3}{List of Acronyms}{}% 3
\BOOKMARK [0][-]{chapter.1}{Background}{}% 4
\BOOKMARK [1][-]{section.1.1}{NetFlow}{chapter.1}% 5
\BOOKMARK [2][-]{subsection.1.1.1}{How does it work?}{section.1.1}% 6
\BOOKMARK [2][-]{subsection.1.1.2}{Main components}{section.1.1}% 7
\BOOKMARK [2][-]{subsection.1.1.3}{nfdump}{section.1.1}% 8
\BOOKMARK [1][-]{section.1.2}{Data visualization}{chapter.1}% 9
\BOOKMARK [2][-]{subsection.1.2.1}{Characteristics}{section.1.2}% 10
\BOOKMARK [2][-]{subsection.1.2.2}{Visual perception}{section.1.2}% 11
\BOOKMARK [2][-]{subsection.1.2.3}{Data presentation architecture}{section.1.2}% 12
\BOOKMARK [1][-]{section.1.3}{D3.js}{chapter.1}% 13
\BOOKMARK [2][-]{subsection.1.3.1}{How does it work?}{section.1.3}% 14
\BOOKMARK [0][-]{chapter.2}{Research}{}% 15
\BOOKMARK [1][-]{section.2.1}{Related work}{chapter.2}% 16
\BOOKMARK [1][-]{section.2.2}{Initial research}{chapter.2}% 17
\BOOKMARK [1][-]{section.2.3}{Traits of a DDoS attack}{chapter.2}% 18
\BOOKMARK [2][-]{subsection.2.3.1}{Raw NetFlow format}{section.2.3}% 19
\BOOKMARK [0][-]{chapter.3}{D3.js and NetFlow}{}% 20
\BOOKMARK [1][-]{section.3.1}{Using D3.js}{chapter.3}% 21
\BOOKMARK [2][-]{subsection.3.1.1}{Scope}{section.3.1}% 22
\BOOKMARK [1][-]{section.3.2}{Number of flows to a certain host and port}{chapter.3}% 23
\BOOKMARK [2][-]{subsection.3.2.1}{Scope in D3.js}{section.3.2}% 24
\BOOKMARK [0][-]{chapter.4}{Challenges}{}% 25
\BOOKMARK [1][-]{section.4.1}{Large data sets}{chapter.4}% 26
\BOOKMARK [2][-]{subsection.4.1.1}{IP-spectrum}{section.4.1}% 27
\BOOKMARK [2][-]{subsection.4.1.2}{Increasing number of flows}{section.4.1}% 28
\BOOKMARK [0][-]{section*.22}{References}{}% 29
\BOOKMARK [0][-]{appendix.A}{Appendix A}{}% 30
\BOOKMARK [0][-]{appendix.B}{Appendix B}{}% 31
